Arguments: 
  C:\Program Files\nodejs\node.exe C:\Users\HugoB\.node\corepack\yarn\1.22.15\bin\yarn.js add discord.js/typings/enums

PATH: 
  C:\Users\HugoB\AppData\Local\oh-my-posh;C:\Program Files\WindowsApps\Microsoft.PowerShell_7.2.5.0_x64__8wekyb3d8bbwe;C:\Program Files\Python310\Scripts\;C:\Program Files\Python310\;C:\Program Files (x86)\VMware\VMware Player\bin\;C:\Program Files\Common Files\Oracle\Java\javapath;C:\Python310\Scripts\;C:\Python310\;C:\WINDOWS\system32;C:\WINDOWS;C:\WINDOWS\System32\Wbem;C:\WINDOWS\System32\WindowsPowerShell\v1.0\;C:\WINDOWS\System32\OpenSSH\;C:\Program Files\Microsoft VS Code\bin;C:\ProgramData\chocolatey\bin;C:\Program Files\PuTTY\;C:\Program Files\nodejs\;C:\Program Files\Git\cmd;C:\Users\HugoB\scoop\apps\nvm\current\nodejs\nodejs;C:\Users\HugoB\scoop\apps\gcc\current\bin;C:\Users\HugoB\scoop\shims;C:\Users\HugoB\anaconda3;C:\Users\HugoB\anaconda3\Library\mingw-w64\bin;C:\Users\HugoB\anaconda3\Library\usr\bin;C:\Users\HugoB\anaconda3\Library\bin;C:\Users\HugoB\anaconda3\Scripts;C:\Users\HugoB\AppData\Local\Microsoft\WindowsApps;C:\Program Files\JetBrains\IntelliJ IDEA Community Edition 2021.3.1\bin;C:\Users\HugoB\AppData\Local\GitHubDesktop\bin;C:\Users\HugoB\spicetify-cli;C:\Users\HugoB\AppData\Local\Programs\Hyper\resources\bin;C:\Users\HugoB\AppData\Local\Microsoft\WindowsApps;C:\Users\HugoB\AppData\Roaming\npm

Yarn version: 
  1.22.15

Node version: 
  16.14.2

Platform: 
  win32 x64

Trace: 
  Error: https://registry.yarnpkg.com/discord.js%2ftypings/enums: Request "https://registry.yarnpkg.com/discord.js%2ftypings/enums" returned a 405
      at Request.params.callback [as _callback] (C:\Users\HugoB\.node\corepack\yarn\1.22.15\lib\cli.js:66149:18)
      at Request.self.callback (C:\Users\HugoB\.node\corepack\yarn\1.22.15\lib\cli.js:140885:22)
      at Request.emit (node:events:526:28)
      at Request.<anonymous> (C:\Users\HugoB\.node\corepack\yarn\1.22.15\lib\cli.js:141857:10)
      at Request.emit (node:events:526:28)
      at IncomingMessage.<anonymous> (C:\Users\HugoB\.node\corepack\yarn\1.22.15\lib\cli.js:141779:12)
      at Object.onceWrapper (node:events:645:28)
      at IncomingMessage.emit (node:events:538:35)
      at endReadableNT (node:internal/streams/readable:1345:12)
      at processTicksAndRejections (node:internal/process/task_queues:83:21)

npm manifest: 
  {
    "dependencies": {
      "@discordjs/builders": "^0.15.0",
      "@discordjs/rest": "^0.5.0",
      "discord-api-types": "^0.35.0",
      "discord.js": "^13.8.1",
      "dotenv": "^16.0.1",
      "fs": "^0.0.1-security",
      "fs-extra": "^10.1.0"
    },
    "name": "ichiro",
    "version": "1.0.0",
    "description": "bot.",
    "main": "main.js",
    "author": "LokiLP66",
    "license": "MIT",
    "scripts": {
      "deploy": "node deploy-commands.js",
      "dev": "node main.js debug",
      "start": "node main.js"
    }
  }

yarn manifest: 
  No manifest

Lockfile: 
  # THIS IS AN AUTOGENERATED FILE. DO NOT EDIT THIS FILE DIRECTLY.
  # yarn lockfile v1
  
  
  "@discordjs/builders@^0.14.0":
    version "0.14.0"
    resolved "https://registry.npmjs.org/@discordjs/builders/-/builders-0.14.0.tgz"
    integrity sha512-+fqLIqa9wN3R+kvlld8sgG0nt04BAZxdCDP4t2qZ9TJsquLWA+xMtT8Waibb3d4li4AQS+IOfjiHAznv/dhHgQ==
    dependencies:
      "@sapphire/shapeshift" "^3.1.0"
      "@sindresorhus/is" "^4.6.0"
      discord-api-types "^0.33.3"
      fast-deep-equal "^3.1.3"
      ts-mixer "^6.0.1"
      tslib "^2.4.0"
  
  "@discordjs/builders@^0.15.0":
    version "0.15.0"
    resolved "https://registry.npmjs.org/@discordjs/builders/-/builders-0.15.0.tgz"
    integrity sha512-w1UfCPzx2iKycn6qh/f0c+PcDpcTHzHr7TXALXu/a4gKHGamiSg3lP8GhYswweSJk/Q5cbFLHZUsnoY3MVKNAg==
    dependencies:
      "@sapphire/shapeshift" "^3.1.0"
      "@sindresorhus/is" "^4.6.0"
      discord-api-types "^0.33.3"
      fast-deep-equal "^3.1.3"
      ts-mixer "^6.0.1"
      tslib "^2.4.0"
  
  "@discordjs/collection@^0.7.0":
    version "0.7.0"
    resolved "https://registry.npmjs.org/@discordjs/collection/-/collection-0.7.0.tgz"
    integrity sha512-R5i8Wb8kIcBAFEPLLf7LVBQKBDYUL+ekb23sOgpkpyGT+V4P7V83wTxcsqmX+PbqHt4cEHn053uMWfRqh/Z/nA==
  
  "@discordjs/rest@^0.5.0":
    version "0.5.0"
    resolved "https://registry.npmjs.org/@discordjs/rest/-/rest-0.5.0.tgz"
    integrity sha512-S4E1YNz1UxgUfMPpMeqzPPkCfXE877zOsvKM5WEmwIhcpz1PQV7lzqlEOuz194UuwOJLLjQFBgQELnQfCX9UfA==
    dependencies:
      "@discordjs/collection" "^0.7.0"
      "@sapphire/async-queue" "^1.3.1"
      "@sapphire/snowflake" "^3.2.2"
      discord-api-types "^0.33.3"
      tslib "^2.4.0"
      undici "^5.4.0"
  
  "@sapphire/async-queue@^1.3.1":
    version "1.3.1"
    resolved "https://registry.npmjs.org/@sapphire/async-queue/-/async-queue-1.3.1.tgz"
    integrity sha512-FFTlPOWZX1kDj9xCAsRzH5xEJfawg1lNoYAA+ecOWJMHOfiZYb1uXOI3ne9U4UILSEPwfE68p3T9wUHwIQfR0g==
  
  "@sapphire/shapeshift@^3.1.0":
    version "3.3.2"
    resolved "https://registry.npmjs.org/@sapphire/shapeshift/-/shapeshift-3.3.2.tgz"
    integrity sha512-8+M8sLmT4RTXJCvI1Z69UiB56himVup8WJVm7ubt5j3HJmVK+l1OI4xTLkLVh1efupOhZR9jrl2YBIv4Lsag7A==
  
  "@sapphire/snowflake@^3.2.2":
    version "3.2.2"
    resolved "https://registry.npmjs.org/@sapphire/snowflake/-/snowflake-3.2.2.tgz"
    integrity sha512-ula2O0kpSZtX9rKXNeQMrHwNd7E4jPDJYUXmEGTFdMRfyfMw+FPyh04oKMjAiDuOi64bYgVkOV3MjK+loImFhQ==
  
  "@sindresorhus/is@^4.6.0":
    version "4.6.0"
    resolved "https://registry.npmjs.org/@sindresorhus/is/-/is-4.6.0.tgz"
    integrity sha512-t09vSN3MdfsyCHoFcTRCH/iUtG7OJ0CsjzB8cjAmKc/va/kIgeDI/TxsigdncE/4be734m0cvIYwNaV4i2XqAw==
  
  "@types/node-fetch@^2.6.1":
    version "2.6.2"
    resolved "https://registry.npmjs.org/@types/node-fetch/-/node-fetch-2.6.2.tgz"
    integrity sha512-DHqhlq5jeESLy19TYhLakJ07kNumXWjcDdxXsLUMJZ6ue8VZJj4kLPQVE/2mdHh3xZziNF1xppu5lwmS53HR+A==
    dependencies:
      "@types/node" "*"
      form-data "^3.0.0"
  
  "@types/node@*":
    version "18.0.0"
    resolved "https://registry.npmjs.org/@types/node/-/node-18.0.0.tgz"
    integrity sha512-cHlGmko4gWLVI27cGJntjs/Sj8th9aYwplmZFwmmgYQQvL5NUsgVJG7OddLvNfLqYS31KFN0s3qlaD9qCaxACA==
  
  "@types/ws@^8.5.3":
    version "8.5.3"
    resolved "https://registry.npmjs.org/@types/ws/-/ws-8.5.3.tgz"
    integrity sha512-6YOoWjruKj1uLf3INHH7D3qTXwFfEsg1kf3c0uDdSBJwfa/llkwIjrAGV7j7mVgGNbzTQ3HiHKKDXl6bJPD97w==
    dependencies:
      "@types/node" "*"
  
  asynckit@^0.4.0:
    version "0.4.0"
    resolved "https://registry.npmjs.org/asynckit/-/asynckit-0.4.0.tgz"
    integrity sha512-Oei9OH4tRh0YqU3GxhX79dM/mwVgvbZJaSNaRk+bshkj0S5cfHcgYakreBjrHwatXKbz+IoIdYLxrKim2MjW0Q==
  
  combined-stream@^1.0.8:
    version "1.0.8"
    resolved "https://registry.npmjs.org/combined-stream/-/combined-stream-1.0.8.tgz"
    integrity sha512-FQN4MRfuJeHf7cBbBMJFXhKSDq+2kAArBlmRBvcvFE5BB1HZKXtSFASDhdlz9zOYwxh8lDdnvmMOe/+5cdoEdg==
    dependencies:
      delayed-stream "~1.0.0"
  
  delayed-stream@~1.0.0:
    version "1.0.0"
    resolved "https://registry.npmjs.org/delayed-stream/-/delayed-stream-1.0.0.tgz"
    integrity sha512-ZySD7Nf91aLB0RxL4KGrKHBXl7Eds1DAmEdcoVawXnLD7SDhpNgtuII2aAkg7a7QS41jxPSZ17p4VdGnMHk3MQ==
  
  discord-api-types@^0.33.3:
    version "0.33.5"
    resolved "https://registry.npmjs.org/discord-api-types/-/discord-api-types-0.33.5.tgz"
    integrity sha512-dvO5M52v7m7Dy96+XUnzXNsQ/0npsYpU6dL205kAtEDueswoz3aU3bh1UMoK4cQmcGtB1YRyLKqp+DXi05lzFg==
  
  discord-api-types@^0.35.0:
    version "0.35.0"
    resolved "https://registry.npmjs.org/discord-api-types/-/discord-api-types-0.35.0.tgz"
    integrity sha512-aaIbVgPk7OA3y/HdG00tRM2nB8B3sSPH6KXgamBLRrcAJEQ8XZJNNKeRr0WVzw/lprdpKHKuTNX1DNrYnD5cOw==
  
  discord.js@^13.8.1:
    version "13.8.1"
    resolved "https://registry.npmjs.org/discord.js/-/discord.js-13.8.1.tgz"
    integrity sha512-jOsD+4tEZWWx0RHVyH+FBcqoTrsL+d5Mm5p+ULQOdU0qSaxhLNkWYig+yDHNZoND7nlkXX3qi+BW+gO5erWylg==
    dependencies:
      "@discordjs/builders" "^0.14.0"
      "@discordjs/collection" "^0.7.0"
      "@sapphire/async-queue" "^1.3.1"
      "@types/node-fetch" "^2.6.1"
      "@types/ws" "^8.5.3"
      discord-api-types "^0.33.3"
      form-data "^4.0.0"
      node-fetch "^2.6.1"
      ws "^8.7.0"
  
  dotenv@^16.0.1:
    version "16.0.1"
    resolved "https://registry.npmjs.org/dotenv/-/dotenv-16.0.1.tgz"
    integrity sha512-1K6hR6wtk2FviQ4kEiSjFiH5rpzEVi8WW0x96aztHVMhEspNpc4DVOUTEHtEva5VThQ8IaBX1Pe4gSzpVVUsKQ==
  
  fast-deep-equal@^3.1.3:
    version "3.1.3"
    resolved "https://registry.npmjs.org/fast-deep-equal/-/fast-deep-equal-3.1.3.tgz"
    integrity sha512-f3qQ9oQy9j2AhBe/H9VC91wLmKBCCU/gDOnKNAYG5hswO7BLKj09Hc5HYNz9cGI++xlpDCIgDaitVs03ATR84Q==
  
  form-data@^3.0.0:
    version "3.0.1"
    resolved "https://registry.npmjs.org/form-data/-/form-data-3.0.1.tgz"
    integrity sha512-RHkBKtLWUVwd7SqRIvCZMEvAMoGUp0XU+seQiZejj0COz3RI3hWP4sCv3gZWWLjJTd7rGwcsF5eKZGii0r/hbg==
    dependencies:
      asynckit "^0.4.0"
      combined-stream "^1.0.8"
      mime-types "^2.1.12"
  
  form-data@^4.0.0:
    version "4.0.0"
    resolved "https://registry.npmjs.org/form-data/-/form-data-4.0.0.tgz"
    integrity sha512-ETEklSGi5t0QMZuiXoA/Q6vcnxcLQP5vdugSpuAyi6SVGi2clPPp+xgEhuMaHC+zGgn31Kd235W35f7Hykkaww==
    dependencies:
      asynckit "^0.4.0"
      combined-stream "^1.0.8"
      mime-types "^2.1.12"
  
  fs-extra@^10.1.0:
    version "10.1.0"
    resolved "https://registry.npmjs.org/fs-extra/-/fs-extra-10.1.0.tgz"
    integrity sha512-oRXApq54ETRj4eMiFzGnHWGy+zo5raudjuxN0b8H7s/RU2oW0Wvsx9O0ACRN/kRq9E8Vu/ReskGB5o3ji+FzHQ==
    dependencies:
      graceful-fs "^4.2.0"
      jsonfile "^6.0.1"
      universalify "^2.0.0"
  
  fs@^0.0.1-security:
    version "0.0.1-security"
    resolved "https://registry.yarnpkg.com/fs/-/fs-0.0.1-security.tgz#8a7bd37186b6dddf3813f23858b57ecaaf5e41d4"
    integrity sha512-3XY9e1pP0CVEUCdj5BmfIZxRBTSDycnbqhIOGec9QYtmVH2fbLpj86CFWkrNOkt/Fvty4KZG5lTglL9j/gJ87w==
  
  graceful-fs@^4.1.6, graceful-fs@^4.2.0:
    version "4.2.10"
    resolved "https://registry.npmjs.org/graceful-fs/-/graceful-fs-4.2.10.tgz"
    integrity sha512-9ByhssR2fPVsNZj478qUUbKfmL0+t5BDVyjShtyZZLiK7ZDAArFFfopyOTj0M05wE2tJPisA4iTnnXl2YoPvOA==
  
  jsonfile@^6.0.1:
    version "6.1.0"
    resolved "https://registry.npmjs.org/jsonfile/-/jsonfile-6.1.0.tgz"
    integrity sha512-5dgndWOriYSm5cnYaJNhalLNDKOqFwyDB/rr1E9ZsGciGvKPs8R2xYGCacuf3z6K1YKDz182fd+fY3cn3pMqXQ==
    dependencies:
      universalify "^2.0.0"
    optionalDependencies:
      graceful-fs "^4.1.6"
  
  mime-db@1.52.0:
    version "1.52.0"
    resolved "https://registry.npmjs.org/mime-db/-/mime-db-1.52.0.tgz"
    integrity sha512-sPU4uV7dYlvtWJxwwxHD0PuihVNiE7TyAbQ5SWxDCB9mUYvOgroQOwYQQOKPJ8CIbE+1ETVlOoK1UC2nU3gYvg==
  
  mime-types@^2.1.12:
    version "2.1.35"
    resolved "https://registry.npmjs.org/mime-types/-/mime-types-2.1.35.tgz"
    integrity sha512-ZDY+bPm5zTTF+YpCrAU9nK0UgICYPT0QtT1NZWFv4s++TNkcgVaT0g6+4R2uI4MjQjzysHB1zxuWL50hzaeXiw==
    dependencies:
      mime-db "1.52.0"
  
  node-fetch@^2.6.1:
    version "2.6.7"
    resolved "https://registry.npmjs.org/node-fetch/-/node-fetch-2.6.7.tgz"
    integrity sha512-ZjMPFEfVx5j+y2yF35Kzx5sF7kDzxuDj6ziH4FFbOp87zKDZNx8yExJIb05OGF4Nlt9IHFIMBkRl41VdvcNdbQ==
    dependencies:
      whatwg-url "^5.0.0"
  
  tr46@~0.0.3:
    version "0.0.3"
    resolved "https://registry.npmjs.org/tr46/-/tr46-0.0.3.tgz"
    integrity sha512-N3WMsuqV66lT30CrXNbEjx4GEwlow3v6rr4mCcv6prnfwhS01rkgyFdjPNBYd9br7LpXV1+Emh01fHnq2Gdgrw==
  
  ts-mixer@^6.0.1:
    version "6.0.1"
    resolved "https://registry.npmjs.org/ts-mixer/-/ts-mixer-6.0.1.tgz"
    integrity sha512-hvE+ZYXuINrx6Ei6D6hz+PTim0Uf++dYbK9FFifLNwQj+RwKquhQpn868yZsCtJYiclZF1u8l6WZxxKi+vv7Rg==
  
  tslib@^2.4.0:
    version "2.4.0"
    resolved "https://registry.npmjs.org/tslib/-/tslib-2.4.0.tgz"
    integrity sha512-d6xOpEDfsi2CZVlPQzGeux8XMwLT9hssAsaPYExaQMuYskwb+x1x7J371tWlbBdWHroy99KnVB6qIkUbs5X3UQ==
  
  undici@^5.4.0:
    version "5.5.1"
    resolved "https://registry.npmjs.org/undici/-/undici-5.5.1.tgz"
    integrity sha512-MEvryPLf18HvlCbLSzCW0U00IMftKGI5udnjrQbC5D4P0Hodwffhv+iGfWuJwg16Y/TK11ZFK8i+BPVW2z/eAw==
  
  universalify@^2.0.0:
    version "2.0.0"
    resolved "https://registry.npmjs.org/universalify/-/universalify-2.0.0.tgz"
    integrity sha512-hAZsKq7Yy11Zu1DE0OzWjw7nnLZmJZYTDZZyEFHZdUhV8FkH5MCfoU1XMaxXovpyW5nq5scPqq0ZDP9Zyl04oQ==
  
  webidl-conversions@^3.0.0:
    version "3.0.1"
    resolved "https://registry.npmjs.org/webidl-conversions/-/webidl-conversions-3.0.1.tgz"
    integrity sha512-2JAn3z8AR6rjK8Sm8orRC0h/bcl/DqL7tRPdGZ4I1CjdF+EaMLmYxBHyXuKL849eucPFhvBoxMsflfOb8kxaeQ==
  
  whatwg-url@^5.0.0:
    version "5.0.0"
    resolved "https://registry.npmjs.org/whatwg-url/-/whatwg-url-5.0.0.tgz"
    integrity sha512-saE57nupxk6v3HY35+jzBwYa0rKSy0XR8JSxZPwgLr7ys0IBzhGviA1/TUGJLmSVqs8pb9AnvICXEuOHLprYTw==
    dependencies:
      tr46 "~0.0.3"
      webidl-conversions "^3.0.0"
  
  ws@^8.7.0:
    version "8.8.0"
    resolved "https://registry.npmjs.org/ws/-/ws-8.8.0.tgz"
    integrity sha512-JDAgSYQ1ksuwqfChJusw1LSJ8BizJ2e/vVu5Lxjq3YvNJNlROv1ui4i+c/kUUrPheBvQl4c5UbERhTwKa6QBJQ==
